<?xml version="1.0" encoding="UTF-8"?>
<testsuite xmlns:xsi="http://www.w3.org/2001/XMLSchema-instance" xsi:noNamespaceSchemaLocation="https://maven.apache.org/surefire/maven-surefire-plugin/xsd/surefire-test-report.xsd" name="com.ehsanzhao.springboot.Junit5Test" time="1.023" tests="9" errors="0" skipped="1" failures="0">
  <properties>
    <property name="gopherProxySet" value="false"/>
    <property name="awt.toolkit" value="sun.lwawt.macosx.LWCToolkit"/>
    <property name="file.encoding.pkg" value="sun.io"/>
    <property name="java.specification.version" value="1.8"/>
    <property name="sun.cpu.isalist" value=""/>
    <property name="sun.jnu.encoding" value="UTF-8"/>
    <property name="java.class.path" value="/Users/zhaoyuan/Documents/CodeLab/Store/spring-boot/target/test-classes:/Users/zhaoyuan/Documents/CodeLab/Store/spring-boot/target/classes:/Users/zhaoyuan/Documents/CodeLab/Configure/maven/maven-repo/org/springframework/boot/spring-boot-starter-web/2.5.1/spring-boot-starter-web-2.5.1.jar:/Users/zhaoyuan/Documents/CodeLab/Configure/maven/maven-repo/org/springframework/boot/spring-boot-starter/2.5.1/spring-boot-starter-2.5.1.jar:/Users/zhaoyuan/Documents/CodeLab/Configure/maven/maven-repo/org/springframework/boot/spring-boot/2.5.1/spring-boot-2.5.1.jar:/Users/zhaoyuan/Documents/CodeLab/Configure/maven/maven-repo/org/springframework/boot/spring-boot-starter-logging/2.5.1/spring-boot-starter-logging-2.5.1.jar:/Users/zhaoyuan/Documents/CodeLab/Configure/maven/maven-repo/ch/qos/logback/logback-classic/1.2.3/logback-classic-1.2.3.jar:/Users/zhaoyuan/Documents/CodeLab/Configure/maven/maven-repo/ch/qos/logback/logback-core/1.2.3/logback-core-1.2.3.jar:/Users/zhaoyuan/Documents/CodeLab/Configure/maven/maven-repo/org/apache/logging/log4j/log4j-to-slf4j/2.14.1/log4j-to-slf4j-2.14.1.jar:/Users/zhaoyuan/Documents/CodeLab/Configure/maven/maven-repo/org/apache/logging/log4j/log4j-api/2.14.1/log4j-api-2.14.1.jar:/Users/zhaoyuan/Documents/CodeLab/Configure/maven/maven-repo/org/slf4j/jul-to-slf4j/1.7.30/jul-to-slf4j-1.7.30.jar:/Users/zhaoyuan/Documents/CodeLab/Configure/maven/maven-repo/jakarta/annotation/jakarta.annotation-api/1.3.5/jakarta.annotation-api-1.3.5.jar:/Users/zhaoyuan/Documents/CodeLab/Configure/maven/maven-repo/org/yaml/snakeyaml/1.28/snakeyaml-1.28.jar:/Users/zhaoyuan/Documents/CodeLab/Configure/maven/maven-repo/org/springframework/boot/spring-boot-starter-json/2.5.1/spring-boot-starter-json-2.5.1.jar:/Users/zhaoyuan/Documents/CodeLab/Configure/maven/maven-repo/com/fasterxml/jackson/core/jackson-databind/2.12.3/jackson-databind-2.12.3.jar:/Users/zhaoyuan/Documents/CodeLab/Configure/maven/maven-repo/com/fasterxml/jackson/core/jackson-annotations/2.12.3/jackson-annotations-2.12.3.jar:/Users/zhaoyuan/Documents/CodeLab/Configure/maven/maven-repo/com/fasterxml/jackson/core/jackson-core/2.12.3/jackson-core-2.12.3.jar:/Users/zhaoyuan/Documents/CodeLab/Configure/maven/maven-repo/com/fasterxml/jackson/datatype/jackson-datatype-jdk8/2.12.3/jackson-datatype-jdk8-2.12.3.jar:/Users/zhaoyuan/Documents/CodeLab/Configure/maven/maven-repo/com/fasterxml/jackson/datatype/jackson-datatype-jsr310/2.12.3/jackson-datatype-jsr310-2.12.3.jar:/Users/zhaoyuan/Documents/CodeLab/Configure/maven/maven-repo/com/fasterxml/jackson/module/jackson-module-parameter-names/2.12.3/jackson-module-parameter-names-2.12.3.jar:/Users/zhaoyuan/Documents/CodeLab/Configure/maven/maven-repo/org/springframework/boot/spring-boot-starter-tomcat/2.5.1/spring-boot-starter-tomcat-2.5.1.jar:/Users/zhaoyuan/Documents/CodeLab/Configure/maven/maven-repo/org/apache/tomcat/embed/tomcat-embed-core/9.0.46/tomcat-embed-core-9.0.46.jar:/Users/zhaoyuan/Documents/CodeLab/Configure/maven/maven-repo/org/apache/tomcat/embed/tomcat-embed-el/9.0.46/tomcat-embed-el-9.0.46.jar:/Users/zhaoyuan/Documents/CodeLab/Configure/maven/maven-repo/org/apache/tomcat/embed/tomcat-embed-websocket/9.0.46/tomcat-embed-websocket-9.0.46.jar:/Users/zhaoyuan/Documents/CodeLab/Configure/maven/maven-repo/org/springframework/spring-web/5.3.8/spring-web-5.3.8.jar:/Users/zhaoyuan/Documents/CodeLab/Configure/maven/maven-repo/org/springframework/spring-beans/5.3.8/spring-beans-5.3.8.jar:/Users/zhaoyuan/Documents/CodeLab/Configure/maven/maven-repo/org/springframework/spring-webmvc/5.3.8/spring-webmvc-5.3.8.jar:/Users/zhaoyuan/Documents/CodeLab/Configure/maven/maven-repo/org/springframework/spring-aop/5.3.8/spring-aop-5.3.8.jar:/Users/zhaoyuan/Documents/CodeLab/Configure/maven/maven-repo/org/springframework/spring-context/5.3.8/spring-context-5.3.8.jar:/Users/zhaoyuan/Documents/CodeLab/Configure/maven/maven-repo/org/springframework/spring-expression/5.3.8/spring-expression-5.3.8.jar:/Users/zhaoyuan/Documents/CodeLab/Configure/maven/maven-repo/org/springframework/boot/spring-boot-starter-thymeleaf/2.5.1/spring-boot-starter-thymeleaf-2.5.1.jar:/Users/zhaoyuan/Documents/CodeLab/Configure/maven/maven-repo/org/thymeleaf/thymeleaf-spring5/3.0.12.RELEASE/thymeleaf-spring5-3.0.12.RELEASE.jar:/Users/zhaoyuan/Documents/CodeLab/Configure/maven/maven-repo/org/thymeleaf/thymeleaf/3.0.12.RELEASE/thymeleaf-3.0.12.RELEASE.jar:/Users/zhaoyuan/Documents/CodeLab/Configure/maven/maven-repo/org/attoparser/attoparser/2.0.5.RELEASE/attoparser-2.0.5.RELEASE.jar:/Users/zhaoyuan/Documents/CodeLab/Configure/maven/maven-repo/org/unbescape/unbescape/1.1.6.RELEASE/unbescape-1.1.6.RELEASE.jar:/Users/zhaoyuan/Documents/CodeLab/Configure/maven/maven-repo/org/thymeleaf/extras/thymeleaf-extras-java8time/3.0.4.RELEASE/thymeleaf-extras-java8time-3.0.4.RELEASE.jar:/Users/zhaoyuan/Documents/CodeLab/Configure/maven/maven-repo/mysql/mysql-connector-java/5.1.49/mysql-connector-java-5.1.49.jar:/Users/zhaoyuan/Documents/CodeLab/Configure/maven/maven-repo/com/alibaba/druid-spring-boot-starter/1.1.20/druid-spring-boot-starter-1.1.20.jar:/Users/zhaoyuan/Documents/CodeLab/Configure/maven/maven-repo/com/alibaba/druid/1.1.20/druid-1.1.20.jar:/Users/zhaoyuan/Documents/CodeLab/Configure/maven/maven-repo/org/slf4j/slf4j-api/1.7.30/slf4j-api-1.7.30.jar:/Users/zhaoyuan/Documents/CodeLab/Configure/maven/maven-repo/org/springframework/boot/spring-boot-autoconfigure/2.5.1/spring-boot-autoconfigure-2.5.1.jar:/Users/zhaoyuan/Documents/CodeLab/Configure/maven/maven-repo/com/baomidou/mybatis-plus-boot-starter/3.4.1/mybatis-plus-boot-starter-3.4.1.jar:/Users/zhaoyuan/Documents/CodeLab/Configure/maven/maven-repo/com/baomidou/mybatis-plus/3.4.1/mybatis-plus-3.4.1.jar:/Users/zhaoyuan/Documents/CodeLab/Configure/maven/maven-repo/com/baomidou/mybatis-plus-extension/3.4.1/mybatis-plus-extension-3.4.1.jar:/Users/zhaoyuan/Documents/CodeLab/Configure/maven/maven-repo/com/baomidou/mybatis-plus-core/3.4.1/mybatis-plus-core-3.4.1.jar:/Users/zhaoyuan/Documents/CodeLab/Configure/maven/maven-repo/com/baomidou/mybatis-plus-annotation/3.4.1/mybatis-plus-annotation-3.4.1.jar:/Users/zhaoyuan/Documents/CodeLab/Configure/maven/maven-repo/com/github/jsqlparser/jsqlparser/3.2/jsqlparser-3.2.jar:/Users/zhaoyuan/Documents/CodeLab/Configure/maven/maven-repo/org/mybatis/mybatis/3.5.6/mybatis-3.5.6.jar:/Users/zhaoyuan/Documents/CodeLab/Configure/maven/maven-repo/org/mybatis/mybatis-spring/2.0.5/mybatis-spring-2.0.5.jar:/Users/zhaoyuan/Documents/CodeLab/Configure/maven/maven-repo/org/springframework/boot/spring-boot-starter-jdbc/2.5.1/spring-boot-starter-jdbc-2.5.1.jar:/Users/zhaoyuan/Documents/CodeLab/Configure/maven/maven-repo/com/zaxxer/HikariCP/4.0.3/HikariCP-4.0.3.jar:/Users/zhaoyuan/Documents/CodeLab/Configure/maven/maven-repo/org/springframework/spring-jdbc/5.3.8/spring-jdbc-5.3.8.jar:/Users/zhaoyuan/Documents/CodeLab/Configure/maven/maven-repo/org/springframework/boot/spring-boot-starter-data-redis/2.5.1/spring-boot-starter-data-redis-2.5.1.jar:/Users/zhaoyuan/Documents/CodeLab/Configure/maven/maven-repo/org/springframework/data/spring-data-redis/2.5.1/spring-data-redis-2.5.1.jar:/Users/zhaoyuan/Documents/CodeLab/Configure/maven/maven-repo/org/springframework/data/spring-data-keyvalue/2.5.1/spring-data-keyvalue-2.5.1.jar:/Users/zhaoyuan/Documents/CodeLab/Configure/maven/maven-repo/org/springframework/data/spring-data-commons/2.5.1/spring-data-commons-2.5.1.jar:/Users/zhaoyuan/Documents/CodeLab/Configure/maven/maven-repo/org/springframework/spring-tx/5.3.8/spring-tx-5.3.8.jar:/Users/zhaoyuan/Documents/CodeLab/Configure/maven/maven-repo/org/springframework/spring-oxm/5.3.8/spring-oxm-5.3.8.jar:/Users/zhaoyuan/Documents/CodeLab/Configure/maven/maven-repo/org/springframework/spring-context-support/5.3.8/spring-context-support-5.3.8.jar:/Users/zhaoyuan/Documents/CodeLab/Configure/maven/maven-repo/io/lettuce/lettuce-core/6.1.2.RELEASE/lettuce-core-6.1.2.RELEASE.jar:/Users/zhaoyuan/Documents/CodeLab/Configure/maven/maven-repo/io/netty/netty-common/4.1.65.Final/netty-common-4.1.65.Final.jar:/Users/zhaoyuan/Documents/CodeLab/Configure/maven/maven-repo/io/netty/netty-handler/4.1.65.Final/netty-handler-4.1.65.Final.jar:/Users/zhaoyuan/Documents/CodeLab/Configure/maven/maven-repo/io/netty/netty-resolver/4.1.65.Final/netty-resolver-4.1.65.Final.jar:/Users/zhaoyuan/Documents/CodeLab/Configure/maven/maven-repo/io/netty/netty-buffer/4.1.65.Final/netty-buffer-4.1.65.Final.jar:/Users/zhaoyuan/Documents/CodeLab/Configure/maven/maven-repo/io/netty/netty-codec/4.1.65.Final/netty-codec-4.1.65.Final.jar:/Users/zhaoyuan/Documents/CodeLab/Configure/maven/maven-repo/io/netty/netty-transport/4.1.65.Final/netty-transport-4.1.65.Final.jar:/Users/zhaoyuan/Documents/CodeLab/Configure/maven/maven-repo/io/projectreactor/reactor-core/3.4.6/reactor-core-3.4.6.jar:/Users/zhaoyuan/Documents/CodeLab/Configure/maven/maven-repo/org/reactivestreams/reactive-streams/1.0.3/reactive-streams-1.0.3.jar:/Users/zhaoyuan/Documents/CodeLab/Configure/maven/maven-repo/redis/clients/jedis/3.6.0/jedis-3.6.0.jar:/Users/zhaoyuan/Documents/CodeLab/Configure/maven/maven-repo/org/apache/commons/commons-pool2/2.9.0/commons-pool2-2.9.0.jar:/Users/zhaoyuan/Documents/CodeLab/Configure/maven/maven-repo/org/projectlombok/lombok/1.18.20/lombok-1.18.20.jar:/Users/zhaoyuan/Documents/CodeLab/Configure/maven/maven-repo/org/springframework/boot/spring-boot-starter-test/2.5.1/spring-boot-starter-test-2.5.1.jar:/Users/zhaoyuan/Documents/CodeLab/Configure/maven/maven-repo/org/springframework/boot/spring-boot-test/2.5.1/spring-boot-test-2.5.1.jar:/Users/zhaoyuan/Documents/CodeLab/Configure/maven/maven-repo/org/springframework/boot/spring-boot-test-autoconfigure/2.5.1/spring-boot-test-autoconfigure-2.5.1.jar:/Users/zhaoyuan/Documents/CodeLab/Configure/maven/maven-repo/com/jayway/jsonpath/json-path/2.5.0/json-path-2.5.0.jar:/Users/zhaoyuan/Documents/CodeLab/Configure/maven/maven-repo/net/minidev/json-smart/2.4.7/json-smart-2.4.7.jar:/Users/zhaoyuan/Documents/CodeLab/Configure/maven/maven-repo/net/minidev/accessors-smart/2.4.7/accessors-smart-2.4.7.jar:/Users/zhaoyuan/Documents/CodeLab/Configure/maven/maven-repo/org/ow2/asm/asm/9.1/asm-9.1.jar:/Users/zhaoyuan/Documents/CodeLab/Configure/maven/maven-repo/jakarta/xml/bind/jakarta.xml.bind-api/2.3.3/jakarta.xml.bind-api-2.3.3.jar:/Users/zhaoyuan/Documents/CodeLab/Configure/maven/maven-repo/jakarta/activation/jakarta.activation-api/1.2.2/jakarta.activation-api-1.2.2.jar:/Users/zhaoyuan/Documents/CodeLab/Configure/maven/maven-repo/org/assertj/assertj-core/3.19.0/assertj-core-3.19.0.jar:/Users/zhaoyuan/Documents/CodeLab/Configure/maven/maven-repo/org/hamcrest/hamcrest/2.2/hamcrest-2.2.jar:/Users/zhaoyuan/Documents/CodeLab/Configure/maven/maven-repo/org/junit/jupiter/junit-jupiter/5.7.2/junit-jupiter-5.7.2.jar:/Users/zhaoyuan/Documents/CodeLab/Configure/maven/maven-repo/org/junit/jupiter/junit-jupiter-api/5.7.2/junit-jupiter-api-5.7.2.jar:/Users/zhaoyuan/Documents/CodeLab/Configure/maven/maven-repo/org/apiguardian/apiguardian-api/1.1.0/apiguardian-api-1.1.0.jar:/Users/zhaoyuan/Documents/CodeLab/Configure/maven/maven-repo/org/opentest4j/opentest4j/1.2.0/opentest4j-1.2.0.jar:/Users/zhaoyuan/Documents/CodeLab/Configure/maven/maven-repo/org/junit/platform/junit-platform-commons/1.7.2/junit-platform-commons-1.7.2.jar:/Users/zhaoyuan/Documents/CodeLab/Configure/maven/maven-repo/org/junit/jupiter/junit-jupiter-params/5.7.2/junit-jupiter-params-5.7.2.jar:/Users/zhaoyuan/Documents/CodeLab/Configure/maven/maven-repo/org/junit/jupiter/junit-jupiter-engine/5.7.2/junit-jupiter-engine-5.7.2.jar:/Users/zhaoyuan/Documents/CodeLab/Configure/maven/maven-repo/org/junit/platform/junit-platform-engine/1.7.2/junit-platform-engine-1.7.2.jar:/Users/zhaoyuan/Documents/CodeLab/Configure/maven/maven-repo/org/mockito/mockito-core/3.9.0/mockito-core-3.9.0.jar:/Users/zhaoyuan/Documents/CodeLab/Configure/maven/maven-repo/net/bytebuddy/byte-buddy/1.10.22/byte-buddy-1.10.22.jar:/Users/zhaoyuan/Documents/CodeLab/Configure/maven/maven-repo/net/bytebuddy/byte-buddy-agent/1.10.22/byte-buddy-agent-1.10.22.jar:/Users/zhaoyuan/Documents/CodeLab/Configure/maven/maven-repo/org/objenesis/objenesis/3.2/objenesis-3.2.jar:/Users/zhaoyuan/Documents/CodeLab/Configure/maven/maven-repo/org/mockito/mockito-junit-jupiter/3.9.0/mockito-junit-jupiter-3.9.0.jar:/Users/zhaoyuan/Documents/CodeLab/Configure/maven/maven-repo/org/skyscreamer/jsonassert/1.5.0/jsonassert-1.5.0.jar:/Users/zhaoyuan/Documents/CodeLab/Configure/maven/maven-repo/com/vaadin/external/google/android-json/0.0.20131108.vaadin1/android-json-0.0.20131108.vaadin1.jar:/Users/zhaoyuan/Documents/CodeLab/Configure/maven/maven-repo/org/springframework/spring-core/5.3.8/spring-core-5.3.8.jar:/Users/zhaoyuan/Documents/CodeLab/Configure/maven/maven-repo/org/springframework/spring-jcl/5.3.8/spring-jcl-5.3.8.jar:/Users/zhaoyuan/Documents/CodeLab/Configure/maven/maven-repo/org/springframework/spring-test/5.3.8/spring-test-5.3.8.jar:/Users/zhaoyuan/Documents/CodeLab/Configure/maven/maven-repo/org/xmlunit/xmlunit-core/2.8.2/xmlunit-core-2.8.2.jar:"/>
    <property name="java.vm.vendor" value="Azul Systems, Inc."/>
    <property name="sun.arch.data.model" value="64"/>
    <property name="java.vendor.url" value="http://www.azulsystems.com/"/>
    <property name="user.timezone" value=""/>
    <property name="java.vm.specification.version" value="1.8"/>
    <property name="os.name" value="Mac OS X"/>
    <property name="user.country" value="CN"/>
    <property name="sun.java.launcher" value="SUN_STANDARD"/>
    <property name="sun.boot.library.path" value="/Library/Java/JavaVirtualMachines/zulu-8.jdk/Contents/Home/jre/lib"/>
    <property name="sun.java.command" value="/Users/zhaoyuan/Documents/CodeLab/Store/spring-boot/target/surefire/surefirebooter3303323607113755475.jar /Users/zhaoyuan/Documents/CodeLab/Store/spring-boot/target/surefire 2023-02-28T15-51-23_464-jvmRun1 surefire8003343841345659878tmp surefire_08412273193988840505tmp"/>
    <property name="surefire.test.class.path" value="/Users/zhaoyuan/Documents/CodeLab/Store/spring-boot/target/test-classes:/Users/zhaoyuan/Documents/CodeLab/Store/spring-boot/target/classes:/Users/zhaoyuan/Documents/CodeLab/Configure/maven/maven-repo/org/springframework/boot/spring-boot-starter-web/2.5.1/spring-boot-starter-web-2.5.1.jar:/Users/zhaoyuan/Documents/CodeLab/Configure/maven/maven-repo/org/springframework/boot/spring-boot-starter/2.5.1/spring-boot-starter-2.5.1.jar:/Users/zhaoyuan/Documents/CodeLab/Configure/maven/maven-repo/org/springframework/boot/spring-boot/2.5.1/spring-boot-2.5.1.jar:/Users/zhaoyuan/Documents/CodeLab/Configure/maven/maven-repo/org/springframework/boot/spring-boot-starter-logging/2.5.1/spring-boot-starter-logging-2.5.1.jar:/Users/zhaoyuan/Documents/CodeLab/Configure/maven/maven-repo/ch/qos/logback/logback-classic/1.2.3/logback-classic-1.2.3.jar:/Users/zhaoyuan/Documents/CodeLab/Configure/maven/maven-repo/ch/qos/logback/logback-core/1.2.3/logback-core-1.2.3.jar:/Users/zhaoyuan/Documents/CodeLab/Configure/maven/maven-repo/org/apache/logging/log4j/log4j-to-slf4j/2.14.1/log4j-to-slf4j-2.14.1.jar:/Users/zhaoyuan/Documents/CodeLab/Configure/maven/maven-repo/org/apache/logging/log4j/log4j-api/2.14.1/log4j-api-2.14.1.jar:/Users/zhaoyuan/Documents/CodeLab/Configure/maven/maven-repo/org/slf4j/jul-to-slf4j/1.7.30/jul-to-slf4j-1.7.30.jar:/Users/zhaoyuan/Documents/CodeLab/Configure/maven/maven-repo/jakarta/annotation/jakarta.annotation-api/1.3.5/jakarta.annotation-api-1.3.5.jar:/Users/zhaoyuan/Documents/CodeLab/Configure/maven/maven-repo/org/yaml/snakeyaml/1.28/snakeyaml-1.28.jar:/Users/zhaoyuan/Documents/CodeLab/Configure/maven/maven-repo/org/springframework/boot/spring-boot-starter-json/2.5.1/spring-boot-starter-json-2.5.1.jar:/Users/zhaoyuan/Documents/CodeLab/Configure/maven/maven-repo/com/fasterxml/jackson/core/jackson-databind/2.12.3/jackson-databind-2.12.3.jar:/Users/zhaoyuan/Documents/CodeLab/Configure/maven/maven-repo/com/fasterxml/jackson/core/jackson-annotations/2.12.3/jackson-annotations-2.12.3.jar:/Users/zhaoyuan/Documents/CodeLab/Configure/maven/maven-repo/com/fasterxml/jackson/core/jackson-core/2.12.3/jackson-core-2.12.3.jar:/Users/zhaoyuan/Documents/CodeLab/Configure/maven/maven-repo/com/fasterxml/jackson/datatype/jackson-datatype-jdk8/2.12.3/jackson-datatype-jdk8-2.12.3.jar:/Users/zhaoyuan/Documents/CodeLab/Configure/maven/maven-repo/com/fasterxml/jackson/datatype/jackson-datatype-jsr310/2.12.3/jackson-datatype-jsr310-2.12.3.jar:/Users/zhaoyuan/Documents/CodeLab/Configure/maven/maven-repo/com/fasterxml/jackson/module/jackson-module-parameter-names/2.12.3/jackson-module-parameter-names-2.12.3.jar:/Users/zhaoyuan/Documents/CodeLab/Configure/maven/maven-repo/org/springframework/boot/spring-boot-starter-tomcat/2.5.1/spring-boot-starter-tomcat-2.5.1.jar:/Users/zhaoyuan/Documents/CodeLab/Configure/maven/maven-repo/org/apache/tomcat/embed/tomcat-embed-core/9.0.46/tomcat-embed-core-9.0.46.jar:/Users/zhaoyuan/Documents/CodeLab/Configure/maven/maven-repo/org/apache/tomcat/embed/tomcat-embed-el/9.0.46/tomcat-embed-el-9.0.46.jar:/Users/zhaoyuan/Documents/CodeLab/Configure/maven/maven-repo/org/apache/tomcat/embed/tomcat-embed-websocket/9.0.46/tomcat-embed-websocket-9.0.46.jar:/Users/zhaoyuan/Documents/CodeLab/Configure/maven/maven-repo/org/springframework/spring-web/5.3.8/spring-web-5.3.8.jar:/Users/zhaoyuan/Documents/CodeLab/Configure/maven/maven-repo/org/springframework/spring-beans/5.3.8/spring-beans-5.3.8.jar:/Users/zhaoyuan/Documents/CodeLab/Configure/maven/maven-repo/org/springframework/spring-webmvc/5.3.8/spring-webmvc-5.3.8.jar:/Users/zhaoyuan/Documents/CodeLab/Configure/maven/maven-repo/org/springframework/spring-aop/5.3.8/spring-aop-5.3.8.jar:/Users/zhaoyuan/Documents/CodeLab/Configure/maven/maven-repo/org/springframework/spring-context/5.3.8/spring-context-5.3.8.jar:/Users/zhaoyuan/Documents/CodeLab/Configure/maven/maven-repo/org/springframework/spring-expression/5.3.8/spring-expression-5.3.8.jar:/Users/zhaoyuan/Documents/CodeLab/Configure/maven/maven-repo/org/springframework/boot/spring-boot-starter-thymeleaf/2.5.1/spring-boot-starter-thymeleaf-2.5.1.jar:/Users/zhaoyuan/Documents/CodeLab/Configure/maven/maven-repo/org/thymeleaf/thymeleaf-spring5/3.0.12.RELEASE/thymeleaf-spring5-3.0.12.RELEASE.jar:/Users/zhaoyuan/Documents/CodeLab/Configure/maven/maven-repo/org/thymeleaf/thymeleaf/3.0.12.RELEASE/thymeleaf-3.0.12.RELEASE.jar:/Users/zhaoyuan/Documents/CodeLab/Configure/maven/maven-repo/org/attoparser/attoparser/2.0.5.RELEASE/attoparser-2.0.5.RELEASE.jar:/Users/zhaoyuan/Documents/CodeLab/Configure/maven/maven-repo/org/unbescape/unbescape/1.1.6.RELEASE/unbescape-1.1.6.RELEASE.jar:/Users/zhaoyuan/Documents/CodeLab/Configure/maven/maven-repo/org/thymeleaf/extras/thymeleaf-extras-java8time/3.0.4.RELEASE/thymeleaf-extras-java8time-3.0.4.RELEASE.jar:/Users/zhaoyuan/Documents/CodeLab/Configure/maven/maven-repo/mysql/mysql-connector-java/5.1.49/mysql-connector-java-5.1.49.jar:/Users/zhaoyuan/Documents/CodeLab/Configure/maven/maven-repo/com/alibaba/druid-spring-boot-starter/1.1.20/druid-spring-boot-starter-1.1.20.jar:/Users/zhaoyuan/Documents/CodeLab/Configure/maven/maven-repo/com/alibaba/druid/1.1.20/druid-1.1.20.jar:/Users/zhaoyuan/Documents/CodeLab/Configure/maven/maven-repo/org/slf4j/slf4j-api/1.7.30/slf4j-api-1.7.30.jar:/Users/zhaoyuan/Documents/CodeLab/Configure/maven/maven-repo/org/springframework/boot/spring-boot-autoconfigure/2.5.1/spring-boot-autoconfigure-2.5.1.jar:/Users/zhaoyuan/Documents/CodeLab/Configure/maven/maven-repo/com/baomidou/mybatis-plus-boot-starter/3.4.1/mybatis-plus-boot-starter-3.4.1.jar:/Users/zhaoyuan/Documents/CodeLab/Configure/maven/maven-repo/com/baomidou/mybatis-plus/3.4.1/mybatis-plus-3.4.1.jar:/Users/zhaoyuan/Documents/CodeLab/Configure/maven/maven-repo/com/baomidou/mybatis-plus-extension/3.4.1/mybatis-plus-extension-3.4.1.jar:/Users/zhaoyuan/Documents/CodeLab/Configure/maven/maven-repo/com/baomidou/mybatis-plus-core/3.4.1/mybatis-plus-core-3.4.1.jar:/Users/zhaoyuan/Documents/CodeLab/Configure/maven/maven-repo/com/baomidou/mybatis-plus-annotation/3.4.1/mybatis-plus-annotation-3.4.1.jar:/Users/zhaoyuan/Documents/CodeLab/Configure/maven/maven-repo/com/github/jsqlparser/jsqlparser/3.2/jsqlparser-3.2.jar:/Users/zhaoyuan/Documents/CodeLab/Configure/maven/maven-repo/org/mybatis/mybatis/3.5.6/mybatis-3.5.6.jar:/Users/zhaoyuan/Documents/CodeLab/Configure/maven/maven-repo/org/mybatis/mybatis-spring/2.0.5/mybatis-spring-2.0.5.jar:/Users/zhaoyuan/Documents/CodeLab/Configure/maven/maven-repo/org/springframework/boot/spring-boot-starter-jdbc/2.5.1/spring-boot-starter-jdbc-2.5.1.jar:/Users/zhaoyuan/Documents/CodeLab/Configure/maven/maven-repo/com/zaxxer/HikariCP/4.0.3/HikariCP-4.0.3.jar:/Users/zhaoyuan/Documents/CodeLab/Configure/maven/maven-repo/org/springframework/spring-jdbc/5.3.8/spring-jdbc-5.3.8.jar:/Users/zhaoyuan/Documents/CodeLab/Configure/maven/maven-repo/org/springframework/boot/spring-boot-starter-data-redis/2.5.1/spring-boot-starter-data-redis-2.5.1.jar:/Users/zhaoyuan/Documents/CodeLab/Configure/maven/maven-repo/org/springframework/data/spring-data-redis/2.5.1/spring-data-redis-2.5.1.jar:/Users/zhaoyuan/Documents/CodeLab/Configure/maven/maven-repo/org/springframework/data/spring-data-keyvalue/2.5.1/spring-data-keyvalue-2.5.1.jar:/Users/zhaoyuan/Documents/CodeLab/Configure/maven/maven-repo/org/springframework/data/spring-data-commons/2.5.1/spring-data-commons-2.5.1.jar:/Users/zhaoyuan/Documents/CodeLab/Configure/maven/maven-repo/org/springframework/spring-tx/5.3.8/spring-tx-5.3.8.jar:/Users/zhaoyuan/Documents/CodeLab/Configure/maven/maven-repo/org/springframework/spring-oxm/5.3.8/spring-oxm-5.3.8.jar:/Users/zhaoyuan/Documents/CodeLab/Configure/maven/maven-repo/org/springframework/spring-context-support/5.3.8/spring-context-support-5.3.8.jar:/Users/zhaoyuan/Documents/CodeLab/Configure/maven/maven-repo/io/lettuce/lettuce-core/6.1.2.RELEASE/lettuce-core-6.1.2.RELEASE.jar:/Users/zhaoyuan/Documents/CodeLab/Configure/maven/maven-repo/io/netty/netty-common/4.1.65.Final/netty-common-4.1.65.Final.jar:/Users/zhaoyuan/Documents/CodeLab/Configure/maven/maven-repo/io/netty/netty-handler/4.1.65.Final/netty-handler-4.1.65.Final.jar:/Users/zhaoyuan/Documents/CodeLab/Configure/maven/maven-repo/io/netty/netty-resolver/4.1.65.Final/netty-resolver-4.1.65.Final.jar:/Users/zhaoyuan/Documents/CodeLab/Configure/maven/maven-repo/io/netty/netty-buffer/4.1.65.Final/netty-buffer-4.1.65.Final.jar:/Users/zhaoyuan/Documents/CodeLab/Configure/maven/maven-repo/io/netty/netty-codec/4.1.65.Final/netty-codec-4.1.65.Final.jar:/Users/zhaoyuan/Documents/CodeLab/Configure/maven/maven-repo/io/netty/netty-transport/4.1.65.Final/netty-transport-4.1.65.Final.jar:/Users/zhaoyuan/Documents/CodeLab/Configure/maven/maven-repo/io/projectreactor/reactor-core/3.4.6/reactor-core-3.4.6.jar:/Users/zhaoyuan/Documents/CodeLab/Configure/maven/maven-repo/org/reactivestreams/reactive-streams/1.0.3/reactive-streams-1.0.3.jar:/Users/zhaoyuan/Documents/CodeLab/Configure/maven/maven-repo/redis/clients/jedis/3.6.0/jedis-3.6.0.jar:/Users/zhaoyuan/Documents/CodeLab/Configure/maven/maven-repo/org/apache/commons/commons-pool2/2.9.0/commons-pool2-2.9.0.jar:/Users/zhaoyuan/Documents/CodeLab/Configure/maven/maven-repo/org/projectlombok/lombok/1.18.20/lombok-1.18.20.jar:/Users/zhaoyuan/Documents/CodeLab/Configure/maven/maven-repo/org/springframework/boot/spring-boot-starter-test/2.5.1/spring-boot-starter-test-2.5.1.jar:/Users/zhaoyuan/Documents/CodeLab/Configure/maven/maven-repo/org/springframework/boot/spring-boot-test/2.5.1/spring-boot-test-2.5.1.jar:/Users/zhaoyuan/Documents/CodeLab/Configure/maven/maven-repo/org/springframework/boot/spring-boot-test-autoconfigure/2.5.1/spring-boot-test-autoconfigure-2.5.1.jar:/Users/zhaoyuan/Documents/CodeLab/Configure/maven/maven-repo/com/jayway/jsonpath/json-path/2.5.0/json-path-2.5.0.jar:/Users/zhaoyuan/Documents/CodeLab/Configure/maven/maven-repo/net/minidev/json-smart/2.4.7/json-smart-2.4.7.jar:/Users/zhaoyuan/Documents/CodeLab/Configure/maven/maven-repo/net/minidev/accessors-smart/2.4.7/accessors-smart-2.4.7.jar:/Users/zhaoyuan/Documents/CodeLab/Configure/maven/maven-repo/org/ow2/asm/asm/9.1/asm-9.1.jar:/Users/zhaoyuan/Documents/CodeLab/Configure/maven/maven-repo/jakarta/xml/bind/jakarta.xml.bind-api/2.3.3/jakarta.xml.bind-api-2.3.3.jar:/Users/zhaoyuan/Documents/CodeLab/Configure/maven/maven-repo/jakarta/activation/jakarta.activation-api/1.2.2/jakarta.activation-api-1.2.2.jar:/Users/zhaoyuan/Documents/CodeLab/Configure/maven/maven-repo/org/assertj/assertj-core/3.19.0/assertj-core-3.19.0.jar:/Users/zhaoyuan/Documents/CodeLab/Configure/maven/maven-repo/org/hamcrest/hamcrest/2.2/hamcrest-2.2.jar:/Users/zhaoyuan/Documents/CodeLab/Configure/maven/maven-repo/org/junit/jupiter/junit-jupiter/5.7.2/junit-jupiter-5.7.2.jar:/Users/zhaoyuan/Documents/CodeLab/Configure/maven/maven-repo/org/junit/jupiter/junit-jupiter-api/5.7.2/junit-jupiter-api-5.7.2.jar:/Users/zhaoyuan/Documents/CodeLab/Configure/maven/maven-repo/org/apiguardian/apiguardian-api/1.1.0/apiguardian-api-1.1.0.jar:/Users/zhaoyuan/Documents/CodeLab/Configure/maven/maven-repo/org/opentest4j/opentest4j/1.2.0/opentest4j-1.2.0.jar:/Users/zhaoyuan/Documents/CodeLab/Configure/maven/maven-repo/org/junit/platform/junit-platform-commons/1.7.2/junit-platform-commons-1.7.2.jar:/Users/zhaoyuan/Documents/CodeLab/Configure/maven/maven-repo/org/junit/jupiter/junit-jupiter-params/5.7.2/junit-jupiter-params-5.7.2.jar:/Users/zhaoyuan/Documents/CodeLab/Configure/maven/maven-repo/org/junit/jupiter/junit-jupiter-engine/5.7.2/junit-jupiter-engine-5.7.2.jar:/Users/zhaoyuan/Documents/CodeLab/Configure/maven/maven-repo/org/junit/platform/junit-platform-engine/1.7.2/junit-platform-engine-1.7.2.jar:/Users/zhaoyuan/Documents/CodeLab/Configure/maven/maven-repo/org/mockito/mockito-core/3.9.0/mockito-core-3.9.0.jar:/Users/zhaoyuan/Documents/CodeLab/Configure/maven/maven-repo/net/bytebuddy/byte-buddy/1.10.22/byte-buddy-1.10.22.jar:/Users/zhaoyuan/Documents/CodeLab/Configure/maven/maven-repo/net/bytebuddy/byte-buddy-agent/1.10.22/byte-buddy-agent-1.10.22.jar:/Users/zhaoyuan/Documents/CodeLab/Configure/maven/maven-repo/org/objenesis/objenesis/3.2/objenesis-3.2.jar:/Users/zhaoyuan/Documents/CodeLab/Configure/maven/maven-repo/org/mockito/mockito-junit-jupiter/3.9.0/mockito-junit-jupiter-3.9.0.jar:/Users/zhaoyuan/Documents/CodeLab/Configure/maven/maven-repo/org/skyscreamer/jsonassert/1.5.0/jsonassert-1.5.0.jar:/Users/zhaoyuan/Documents/CodeLab/Configure/maven/maven-repo/com/vaadin/external/google/android-json/0.0.20131108.vaadin1/android-json-0.0.20131108.vaadin1.jar:/Users/zhaoyuan/Documents/CodeLab/Configure/maven/maven-repo/org/springframework/spring-core/5.3.8/spring-core-5.3.8.jar:/Users/zhaoyuan/Documents/CodeLab/Configure/maven/maven-repo/org/springframework/spring-jcl/5.3.8/spring-jcl-5.3.8.jar:/Users/zhaoyuan/Documents/CodeLab/Configure/maven/maven-repo/org/springframework/spring-test/5.3.8/spring-test-5.3.8.jar:/Users/zhaoyuan/Documents/CodeLab/Configure/maven/maven-repo/org/xmlunit/xmlunit-core/2.8.2/xmlunit-core-2.8.2.jar:"/>
    <property name="sun.cpu.endian" value="little"/>
    <property name="user.home" value="/Users/zhaoyuan"/>
    <property name="user.language" value="zh"/>
    <property name="java.specification.vendor" value="Oracle Corporation"/>
    <property name="java.home" value="/Library/Java/JavaVirtualMachines/zulu-8.jdk/Contents/Home/jre"/>
    <property name="basedir" value="/Users/zhaoyuan/Documents/CodeLab/Store/spring-boot"/>
    <property name="file.separator" value="/"/>
    <property name="line.separator" value="&#10;"/>
    <property name="jdk.vendor.version" value="Zulu 8.52.0.23-CA-macos-aarch64"/>
    <property name="java.vm.specification.vendor" value="Oracle Corporation"/>
    <property name="java.specification.name" value="Java Platform API Specification"/>
    <property name="java.awt.graphicsenv" value="sun.awt.CGraphicsEnvironment"/>
    <property name="surefire.real.class.path" value="/Users/zhaoyuan/Documents/CodeLab/Store/spring-boot/target/surefire/surefirebooter3303323607113755475.jar"/>
    <property name="sun.boot.class.path" value="/Library/Java/JavaVirtualMachines/zulu-8.jdk/Contents/Home/jre/lib/resources.jar:/Library/Java/JavaVirtualMachines/zulu-8.jdk/Contents/Home/jre/lib/rt.jar:/Library/Java/JavaVirtualMachines/zulu-8.jdk/Contents/Home/jre/lib/sunrsasign.jar:/Library/Java/JavaVirtualMachines/zulu-8.jdk/Contents/Home/jre/lib/jsse.jar:/Library/Java/JavaVirtualMachines/zulu-8.jdk/Contents/Home/jre/lib/jce.jar:/Library/Java/JavaVirtualMachines/zulu-8.jdk/Contents/Home/jre/lib/charsets.jar:/Library/Java/JavaVirtualMachines/zulu-8.jdk/Contents/Home/jre/lib/jfr.jar:/Library/Java/JavaVirtualMachines/zulu-8.jdk/Contents/Home/jre/classes"/>
    <property name="sun.management.compiler" value="HotSpot 64-Bit Tiered Compilers"/>
    <property name="java.runtime.version" value="1.8.0_282-b08"/>
    <property name="user.name" value="zhaoyuan"/>
    <property name="path.separator" value=":"/>
    <property name="os.version" value="12.5"/>
    <property name="java.endorsed.dirs" value="/Library/Java/JavaVirtualMachines/zulu-8.jdk/Contents/Home/jre/lib/endorsed"/>
    <property name="java.runtime.name" value="OpenJDK Runtime Environment"/>
    <property name="file.encoding" value="UTF-8"/>
    <property name="java.vm.name" value="OpenJDK 64-Bit Server VM"/>
    <property name="localRepository" value="/Users/zhaoyuan/Documents/CodeLab/Configure/maven/maven-repo"/>
    <property name="java.vendor.url.bug" value="http://www.azulsystems.com/support/"/>
    <property name="java.io.tmpdir" value="/var/folders/x5/4hc5kgs50yg23f5h6b1b88gm0000gn/T/"/>
    <property name="idea.version" value="2021.1"/>
    <property name="java.version" value="1.8.0_282"/>
    <property name="user.dir" value="/Users/zhaoyuan/Documents/CodeLab/Store/spring-boot"/>
    <property name="os.arch" value="aarch64"/>
    <property name="java.vm.specification.name" value="Java Virtual Machine Specification"/>
    <property name="java.awt.printerjob" value="sun.lwawt.macosx.CPrinterJob"/>
    <property name="sun.os.patch.level" value="unknown"/>
    <property name="java.library.path" value="/Users/zhaoyuan/Library/Java/Extensions:/Library/Java/Extensions:/Network/Library/Java/Extensions:/System/Library/Java/Extensions:/usr/lib/java:."/>
    <property name="java.vm.info" value="mixed mode"/>
    <property name="java.vendor" value="Azul Systems, Inc."/>
    <property name="java.vm.version" value="25.282-b08"/>
    <property name="java.ext.dirs" value="/Users/zhaoyuan/Library/Java/Extensions:/Library/Java/JavaVirtualMachines/zulu-8.jdk/Contents/Home/jre/lib/ext:/Library/Java/Extensions:/Network/Library/Java/Extensions:/System/Library/Java/Extensions:/usr/lib/java"/>
    <property name="sun.io.unicode.encoding" value="UnicodeBig"/>
    <property name="maven.repo.local" value="/Users/zhaoyuan/Documents/CodeLab/Configure/maven/maven-repo"/>
    <property name="java.class.version" value="52.0"/>
  </properties>
  <testcase name="testTimeout" classname="com.ehsanzhao.springboot.Junit5Test" time="1.002"/>
  <testcase name="testDisplayName2" classname="com.ehsanzhao.springboot.Junit5Test" time="0">
    <skipped message="public void com.ehsanzhao.springboot.Junit5Test.testDisplayName2() is @Disabled"/>
  </testcase>
  <testcase name="testRepeatedTest" classname="com.ehsanzhao.springboot.Junit5Test" time="0.001"/>
  <testcase name="testRepeatedTest[1]" classname="com.ehsanzhao.springboot.Junit5Test" time="0.001"/>
  <testcase name="testRepeatedTest[2]" classname="com.ehsanzhao.springboot.Junit5Test" time="0.002"/>
  <testcase name="testRepeatedTest[3]" classname="com.ehsanzhao.springboot.Junit5Test" time="0"/>
  <testcase name="testRepeatedTest[4]" classname="com.ehsanzhao.springboot.Junit5Test" time="0"/>
  <testcase name="testRepeatedTest[5]" classname="com.ehsanzhao.springboot.Junit5Test" time="0"/>
  <testcase name="testDisplayName" classname="com.ehsanzhao.springboot.Junit5Test" time="0"/>
</testsuite>